execve("./buffer_overflow", ["./buffer_overflow"], 0x7fffbcb34ae0 /* 34 vars */) = 0
brk(NULL)                               = 0x55598ab28000
arch_prctl(0x3001 /* ARCH_??? */, 0x7fff72684d40) = -1 EINVAL (Invalid argument)
mmap(NULL, 8192, PROT_READ|PROT_WRITE, MAP_PRIVATE|MAP_ANONYMOUS, -1, 0) = 0x7f31d68a9000
access("/etc/ld.so.preload", R_OK)      = -1 ENOENT (No such file or directory)
openat(AT_FDCWD, "/etc/ld.so.cache", O_RDONLY|O_CLOEXEC) = 3
newfstatat(3, "", {st_mode=S_IFREG|0644, st_size=78683, ...}, AT_EMPTY_PATH) = 0
mmap(NULL, 78683, PROT_READ, MAP_PRIVATE, 3, 0) = 0x7f31d6895000
close(3)                                = 0
openat(AT_FDCWD, "/lib/x86_64-linux-gnu/libc.so.6", O_RDONLY|O_CLOEXEC) = 3
read(3, "\177ELF\2\1\1\3\0\0\0\0\0\0\0\0\3\0>\0\1\0\0\0P\237\2\0\0\0\0\0"..., 832) = 832
pread64(3, "\6\0\0\0\4\0\0\0@\0\0\0\0\0\0\0@\0\0\0\0\0\0\0@\0\0\0\0\0\0\0"..., 784, 64) = 784
pread64(3, "\4\0\0\0 \0\0\0\5\0\0\0GNU\0\2\0\0\300\4\0\0\0\3\0\0\0\0\0\0\0"..., 48, 848) = 48
pread64(3, "\4\0\0\0\24\0\0\0\3\0\0\0GNU\0i8\235HZ\227\223\333\350s\360\352,\223\340."..., 68, 896) = 68
newfstatat(3, "", {st_mode=S_IFREG|0644, st_size=2216304, ...}, AT_EMPTY_PATH) = 0
pread64(3, "\6\0\0\0\4\0\0\0@\0\0\0\0\0\0\0@\0\0\0\0\0\0\0@\0\0\0\0\0\0\0"..., 784, 64) = 784
mmap(NULL, 2260560, PROT_READ, MAP_PRIVATE|MAP_DENYWRITE, 3, 0) = 0x7f31d6600000
mmap(0x7f31d6628000, 1658880, PROT_READ|PROT_EXEC, MAP_PRIVATE|MAP_FIXED|MAP_DENYWRITE, 3, 0x28000) = 0x7f31d6628000
mmap(0x7f31d67bd000, 360448, PROT_READ, MAP_PRIVATE|MAP_FIXED|MAP_DENYWRITE, 3, 0x1bd000) = 0x7f31d67bd000
mmap(0x7f31d6815000, 24576, PROT_READ|PROT_WRITE, MAP_PRIVATE|MAP_FIXED|MAP_DENYWRITE, 3, 0x214000) = 0x7f31d6815000
mmap(0x7f31d681b000, 52816, PROT_READ|PROT_WRITE, MAP_PRIVATE|MAP_FIXED|MAP_ANONYMOUS, -1, 0) = 0x7f31d681b000
close(3)                                = 0
mmap(NULL, 12288, PROT_READ|PROT_WRITE, MAP_PRIVATE|MAP_ANONYMOUS, -1, 0) = 0x7f31d6892000
arch_prctl(ARCH_SET_FS, 0x7f31d6892740) = 0
set_tid_address(0x7f31d6892a10)         = 42334
set_robust_list(0x7f31d6892a20, 24)     = 0
rseq(0x7f31d68930e0, 0x20, 0, 0x53053053) = 0
mprotect(0x7f31d6815000, 16384, PROT_READ) = 0
mprotect(0x5559897a3000, 4096, PROT_READ) = 0
mprotect(0x7f31d68e3000, 8192, PROT_READ) = 0
prlimit64(0, RLIMIT_STACK, NULL, {rlim_cur=8192*1024, rlim_max=RLIM64_INFINITY}) = 0
munmap(0x7f31d6895000, 78683)           = 0
newfstatat(1, "", {st_mode=S_IFCHR|0600, st_rdev=makedev(0x88, 0x4), ...}, AT_EMPTY_PATH) = 0
getrandom("\x90\x83\xdc\xd0\xd3\xb5\x76\x7a", 8, GRND_NONBLOCK) = 8
brk(NULL)                               = 0x55598ab28000
brk(0x55598ab49000)                     = 0x55598ab49000
write(1, "Buffer start address: 0x7fff7268"..., 37) = 37
write(1, "Buffer end address: 0x7fff72684d"..., 35) = 35
writev(2, [{iov_base="*** ", iov_len=4}, {iov_base="stack smashing detected", iov_len=23}, {iov_base=" ***: terminated\n", iov_len=17}], 3) = 44
mmap(NULL, 4096, PROT_READ|PROT_WRITE, MAP_PRIVATE|MAP_ANONYMOUS, -1, 0) = 0x7f31d68e2000
rt_sigprocmask(SIG_UNBLOCK, [ABRT], NULL, 8) = 0
gettid()                                = 42334
getpid()                                = 42334
tgkill(42334, 42334, SIGABRT)           = 0
--- SIGABRT {si_signo=SIGABRT, si_code=SI_TKILL, si_pid=42334, si_uid=0} ---
+++ killed by SIGABRT (core dumped) +++
